#
# A fatal error has been detected by the Java Runtime Environment:
#
#  EXCEPTION_ACCESS_VIOLATION (0xc0000005) at pc=0x00007ffd4cd9c8ce, pid=14600, tid=12460
#
# JRE version: OpenJDK Runtime Environment Temurin-17.0.1+12 (17.0.1+12) (build 17.0.1+12)
# Java VM: OpenJDK 64-Bit Server VM Temurin-17.0.1+12 (17.0.1+12, mixed mode, tiered, compressed oops, compressed class ptrs, parallel gc, windows-amd64)
# Problematic frame:
# V  [jvm.dll+0xc8ce]
#
# No core dump will be written. Minidumps are not enabled by default on client versions of Windows
#
# If you would like to submit a bug report, please visit:
#   https://github.com/adoptium/adoptium-support/issues
#

---------------  S U M M A R Y ------------

Command Line: --add-modules=ALL-SYSTEM --add-opens=java.base/java.util=ALL-UNNAMED --add-opens=java.base/java.lang=ALL-UNNAMED -Declipse.application=org.eclipse.jdt.ls.core.id1 -Dosgi.bundles.defaultStartLevel=4 -Declipse.product=org.eclipse.jdt.ls.core.product -Djava.import.generatesMetadataFilesAtProjectRoot=false -Dfile.encoding=utf8 -DwatchParentProcess=false -XX:+UseParallelGC -XX:GCTimeRatio=4 -XX:AdaptiveSizePolicyWeight=90 -Dsun.zip.disableMemoryMapping=true -Xmx1G -Xms100m -XX:+HeapDumpOnOutOfMemoryError -XX:HeapDumpPath=c:\Users\aadip\AppData\Roaming\Code\User\workspaceStorage\e69aa23d23f55de16e15f068e41c6a7a\redhat.java c:\Users\aadip\.vscode\extensions\redhat.java-1.2.0\server\plugins\org.eclipse.equinox.launcher_1.6.400.v20210924-0641.jar -configuration c:\Users\aadip\AppData\Roaming\Code\User\globalStorage\redhat.java\1.2.0\config_win -data c:\Users\aadip\AppData\Roaming\Code\User\workspaceStorage\e69aa23d23f55de16e15f068e41c6a7a\redhat.java\jdt_ws

Host: Intel(R) Core(TM) i5-8250U CPU @ 1.60GHz, 8 cores, 7G,  Windows 10 , 64 bit Build 19041 (10.0.19041.1348)
Time: Sat Dec 18 14:53:29 2021 India Standard Time elapsed time: 1353.708388 seconds (0d 0h 22m 33s)

---------------  T H R E A D  ---------------

Current thread (0x000002813a5023d0):  GCTaskThread "GC Thread#3" [stack: 0x000000e2a1500000,0x000000e2a1600000] [id=12460]

Stack: [0x000000e2a1500000,0x000000e2a1600000],  sp=0x000000e2a15ff9d8,  free space=1022k
Native frames: (J=compiled Java code, j=interpreted, Vv=VM code, C=native code)
V  [jvm.dll+0xc8ce]


siginfo: EXCEPTION_ACCESS_VIOLATION (0xc0000005), reading address 0x00000000fe25252d


Register to memory mapping:

RIP=0x00007ffd4cd9c8ce jvm.dll
RAX=0x0000000000000001 is an unknown value
RBX=0x00000000fe252525 is an unallocated location in the heap
RCX=0x00000000fe252525 is an unallocated location in the heap
RDX=0x00000000fe252525 is an unallocated location in the heap
RSP=0x000000e2a15ff9d8 points into unknown readable memory: 0x00007ffd4d437722 | 22 77 43 4d fd 7f 00 00
RBP=0x000000e2a15ffab0 points into unknown readable memory: 0x00007ffd4d73d278 | 78 d2 73 4d fd 7f 00 00
RSI=0x00000000c2535960 is an oop: [B 
{0x00000000c2535960} - klass: {type array byte}
 - length: -48094686
RDI=0x0000028137485350 points into unknown readable memory: 0x00000281214a0150 | 50 01 4a 21 81 02 00 00
R8 =0x00000281352e0000 points into unknown readable memory: 0x4444401051110041 | 41 00 11 51 10 40 44 44
R9 =0x00000000001f1292 is an unknown value
R10=0x0000000000000052 is an unknown value
R11=0x0000000000000003 is an unknown value
R12=0x000000e2a02feef8 points into unknown readable memory: 0x0000000000000008 | 08 00 00 00 00 00 00 00
R13=0x0000000000000010 is an unknown value
R14=0x0000000100041df0 is a pointer to class: 
java.lang.reflect.AnnotatedElement {0x0000000100041df8}
 - instance size:     2
 - klass size:        63
 - access:            public interface abstract 
 - state:             fully_initialized
 - name:              'java/lang/reflect/AnnotatedElement'
 - super:             'java/lang/Object'
 - sub:               
 - nof implementors:  2
 - arrays:            'java/lang/reflect/AnnotatedElement'[]
 - methods:           Array<T>(0x0000028137810f68)
 - method ordering:   Array<T>(0x0000028137800018)
 - default_methods:   Array<T>(0x0000000000000000)
 - local interfaces:  Array<T>(0x0000028137800058)
 - trans. interfaces: Array<T>(0x0000028137800058)
 - constants:         constant pool [145]/operands[21] {0x0000028137810a00} for 'java/lang/reflect/AnnotatedElement' cache=0x000002813790dd20
 - class loader data:  loader data: 0x000002812365edf0 of 'bootstrap'
 - class annotations:       Array<T>(0x0000000000000000)
 - class type annotations:  Array<T>(0x0000000000000000)
 - field annotations:       Array<T>(0x0000000000000000)
 - field type annotations:  Array<T>(0x0000000000000000)
 - inner classes:     Array<T>(0x00000281378114f8)
 - nest members:     Array<T>(0x0000028137800028)
 - permitted subclasses:     Array<T>(0x0000028137800028)
 - java mirror:       a 'java/lang/Class'{0x00000000c054b628} = 'java/lang/reflect/AnnotatedElement'
 - vtable length      5  (start addr: 0x0000000100041fb8)
 - itable length      0 (start addr: 0x0000000100041fe0)
 - ---- static fields (0 words):
 - ---- non-static fields (0 words):
 - non-static oop maps: 
R15=0x00000000c2535948 is an oop: java.lang.String 
{0x00000000c2535948} - klass: 'java/lang/String'

[error occurred during error reporting (printing register info), id 0xc0000005, EXCEPTION_ACCESS_VIOLATION (0xc0000005) at pc=0x00007ffd4d1016fa]

Registers:
RAX=0x0000000000000001, RBX=0x00000000fe252525, RCX=0x00000000fe252525, RDX=0x00000000fe252525
RSP=0x000000e2a15ff9d8, RBP=0x000000e2a15ffab0, RSI=0x00000000c2535960, RDI=0x0000028137485350
R8 =0x00000281352e0000, R9 =0x00000000001f1292, R10=0x0000000000000052, R11=0x0000000000000003
R12=0x000000e2a02feef8, R13=0x0000000000000010, R14=0x0000000100041df0, R15=0x00000000c2535948
RIP=0x00007ffd4cd9c8ce, EFLAGS=0x0000000000010202

Top of Stack: (sp=0x000000e2a15ff9d8)
0x000000e2a15ff9d8:   00007ffd4d437722 0000000000000000
0x000000e2a15ff9e8:   0000000000000000 00000000c0aca518
0x000000e2a15ff9f8:   00007ffd4d436dde 0000028137485350
0x000000e2a15ffa08:   00007ffd4d435052 00000000fe252525
0x000000e2a15ffa18:   00000281373a0790 0000000000000003
0x000000e2a15ffa28:   0000028137485350 0000000100041de8
0x000000e2a15ffa38:   00007ffd4d43589e 00000000c253595c
0x000000e2a15ffa48:   00000000c7b1a808 0000000000000007
0x000000e2a15ffa58:   00000000c7b1a808 0000000000000007
0x000000e2a15ffa68:   00000000c7b1a808 00007ffd4d8a26a0
0x000000e2a15ffa78:   00007ffd4d43f6c9 000000000000000c
0x000000e2a15ffa88:   00007ffd4d73d278 0000028137485350
0x000000e2a15ffa98:   00004dfc00006588 00000000c7ad07f8
0x000000e2a15ffaa8:   0000000000012000 00007ffd4d73d278
0x000000e2a15ffab8:   00000281373a0790 0000000000000003
0x000000e2a15ffac8:   0000028137485350 0000000000000020 

Instructions: (pc=0x00007ffd4cd9c8ce)
0x00007ffd4cd9c7ce:   8a 90 09 00 00 48 8b d7 e8 55 6e 6f 00 48 8b 7c
0x00007ffd4cd9c7de:   24 30 48 8b c3 48 8b 5c 24 38 48 83 c4 20 5e c3
0x00007ffd4cd9c7ee:   cc cc 48 8b 01 c3 cc cc cc cc cc cc cc cc cc cc
0x00007ffd4cd9c7fe:   cc cc 4c 8b 01 4c 8b c9 48 8b 0d 03 c1 b4 00 ba
0x00007ffd4cd9c80e:   44 60 08 00 e9 59 f2 ff ff cc cc cc cc cc cc cc
0x00007ffd4cd9c81e:   cc cc 48 89 5c 24 08 57 48 83 ec 20 48 8b 39 48
0x00007ffd4cd9c82e:   8b d9 48 85 3d 01 9e b9 00 75 0e 48 8b c7 48 8b
0x00007ffd4cd9c83e:   5c 24 30 48 83 c4 20 5f c3 48 8b cf e8 c1 2c 85
0x00007ffd4cd9c84e:   00 48 8b d0 48 85 c0 74 20 48 8b c7 f0 48 0f b1
0x00007ffd4cd9c85e:   13 74 16 48 85 05 d0 9d b9 00 74 0d 48 8b c8 f0
0x00007ffd4cd9c86e:   48 0f b1 13 48 3b c1 75 ea 48 8b 5c 24 30 48 8b
0x00007ffd4cd9c87e:   c2 48 83 c4 20 5f c3 cc cc cc cc cc cc cc cc cc
0x00007ffd4cd9c88e:   cc cc 4c 8b 01 4c 8b c9 48 8b 0d 73 c0 b4 00 ba
0x00007ffd4cd9c89e:   64 60 08 00 e9 c9 f1 ff ff cc cc cc cc cc cc cc
0x00007ffd4cd9c8ae:   cc cc 8b 05 32 0a af 00 c3 cc cc cc cc cc cc cc
0x00007ffd4cd9c8be:   cc cc 0f b6 05 98 c8 b5 00 48 8b d1 84 c0 74 16
0x00007ffd4cd9c8ce:   44 8b 41 08 8b 0d 10 0a af 00 49 d3 e0 4c 03 05
0x00007ffd4cd9c8de:   fe 09 af 00 eb 04 4c 8b 41 08 45 8b 50 08 45 85
0x00007ffd4cd9c8ee:   d2 7e 0e 41 f6 c2 01 75 53 41 c1 fa 03 41 8b c2
0x00007ffd4cd9c8fe:   c3 79 49 84 c0 b9 10 00 00 00 8b 05 06 19 af 00
0x00007ffd4cd9c90e:   41 b8 0c 00 00 00 41 0f 45 c8 ff c8 4c 63 c8 48
0x00007ffd4cd9c91e:   63 14 11 41 8b ca 83 e1 3f 48 d3 e2 41 8b ca 48
0x00007ffd4cd9c92e:   c1 f9 10 0f b6 c1 49 8d 0c 11 49 f7 d1 48 03 c1
0x00007ffd4cd9c93e:   49 c1 e9 03 48 c1 e8 03 41 23 c1 c3 49 8b 00 49
0x00007ffd4cd9c94e:   8b c8 48 ff a0 00 01 00 00 cc cc cc cc cc cc cc
0x00007ffd4cd9c95e:   cc cc 8b 44 24 30 45 03 c9 44 2b 4c 24 28 83 c0
0x00007ffd4cd9c96e:   0b 44 03 ca 45 03 c8 41 03 c1 c3 cc cc cc cc cc
0x00007ffd4cd9c97e:   cc cc 4c 8b ca 48 8b d1 45 8b 41 08 45 85 c0 7e
0x00007ffd4cd9c98e:   0e 41 f6 c0 01 75 56 41 c1 f8 03 41 8b c0 c3 79
0x00007ffd4cd9c99e:   4c 80 3d b9 c7 b5 00 00 b8 0c 00 00 00 b9 10 00
0x00007ffd4cd9c9ae:   00 00 0f 45 c8 8b 05 5b 18 af 00 ff c8 4c 63 c8
0x00007ffd4cd9c9be:   48 63 14 11 41 8b c8 83 e1 3f 48 d3 e2 41 8b c8 


Stack slot to memory mapping:
stack at sp + 0 slots: 0x00007ffd4d437722 jvm.dll
stack at sp + 1 slots: 0x0 is NULL
stack at sp + 2 slots: 0x0 is NULL
stack at sp + 3 slots: 0x00000000c0aca518 is an oop: [Ljava.lang.Object; 
{0x00000000c0aca518} - klass: 'java/lang/Object'[]
 - length: 13
stack at sp + 4 slots: 0x00007ffd4d436dde jvm.dll
stack at sp + 5 slots: 0x0000028137485350 points into unknown readable memory: 0x00000281214a0150 | 50 01 4a 21 81 02 00 00
stack at sp + 6 slots: 0x00007ffd4d435052 jvm.dll
stack at sp + 7 slots: 0x00000000fe252525 is an unallocated location in the heap


---------------  P R O C E S S  ---------------

Threads class SMR info:
_java_thread_list=0x000002813dfe5100, length=22, elements={
0x000002812364f1d0, 0x00000281374d3540, 0x00000281374d67b0, 0x0000028139b0e4f0,
0x0000028139b12e00, 0x0000028139b13ee0, 0x0000028139b15760, 0x0000028139b1ae20,
0x0000028139b1c7e0, 0x0000028139b1f030, 0x0000028139c822f0, 0x0000028139c83b00,
0x0000028139c85310, 0x0000028139c83630, 0x0000028139c83fd0, 0x0000028139c85cb0,
0x0000028139c844a0, 0x0000028139c827c0, 0x0000028139c83160, 0x000002813a4acbb0,
0x000002813a4ad550, 0x000002813a4ae890
}

Java Threads: ( => current thread )
  0x000002812364f1d0 JavaThread "main" [_thread_blocked, id=17168, stack(0x000000e2a0000000,0x000000e2a0100000)]
  0x00000281374d3540 JavaThread "Reference Handler" daemon [_thread_blocked, id=12156, stack(0x000000e2a0300000,0x000000e2a0400000)]
  0x00000281374d67b0 JavaThread "Finalizer" daemon [_thread_blocked, id=11776, stack(0x000000e2a0400000,0x000000e2a0500000)]
  0x0000028139b0e4f0 JavaThread "Signal Dispatcher" daemon [_thread_blocked, id=5444, stack(0x000000e2a0500000,0x000000e2a0600000)]
  0x0000028139b12e00 JavaThread "Attach Listener" daemon [_thread_blocked, id=7056, stack(0x000000e2a0600000,0x000000e2a0700000)]
  0x0000028139b13ee0 JavaThread "Service Thread" daemon [_thread_blocked, id=12516, stack(0x000000e2a0700000,0x000000e2a0800000)]
  0x0000028139b15760 JavaThread "Monitor Deflation Thread" daemon [_thread_blocked, id=7152, stack(0x000000e2a0800000,0x000000e2a0900000)]
  0x0000028139b1ae20 JavaThread "C2 CompilerThread0" daemon [_thread_blocked, id=14544, stack(0x000000e2a0900000,0x000000e2a0a00000)]
  0x0000028139b1c7e0 JavaThread "C1 CompilerThread0" daemon [_thread_blocked, id=9304, stack(0x000000e2a0a00000,0x000000e2a0b00000)]
  0x0000028139b1f030 JavaThread "Sweeper thread" daemon [_thread_blocked, id=2820, stack(0x000000e2a0b00000,0x000000e2a0c00000)]
  0x0000028139c822f0 JavaThread "Common-Cleaner" daemon [_thread_blocked, id=9584, stack(0x000000e2a0c00000,0x000000e2a0d00000)]
  0x0000028139c83b00 JavaThread "Notification Thread" daemon [_thread_blocked, id=8432, stack(0x000000e2a0e00000,0x000000e2a0f00000)]
  0x0000028139c85310 JavaThread "Active Thread: Equinox Container: 9c58383d-aed4-409a-a396-d74b016a8c1f" [_thread_blocked, id=11464, stack(0x000000e2a1000000,0x000000e2a1100000)]
  0x0000028139c83630 JavaThread "Framework Event Dispatcher: Equinox Container: 9c58383d-aed4-409a-a396-d74b016a8c1f" daemon [_thread_blocked, id=9444, stack(0x000000e2a1100000,0x000000e2a1200000)]
  0x0000028139c83fd0 JavaThread "Start Level: Equinox Container: 9c58383d-aed4-409a-a396-d74b016a8c1f" daemon [_thread_blocked, id=9816, stack(0x000000e2a1200000,0x000000e2a1300000)]
  0x0000028139c85cb0 JavaThread "SCR Component Actor" daemon [_thread_blocked, id=4488, stack(0x000000e2a0d00000,0x000000e2a0e00000)]
  0x0000028139c844a0 JavaThread "Bundle File Closer" daemon [_thread_blocked, id=11732, stack(0x000000e2a1a00000,0x000000e2a1b00000)]
  0x0000028139c827c0 JavaThread "Worker-JM" [_thread_blocked, id=11684, stack(0x000000e2a1b00000,0x000000e2a1c00000)]
  0x0000028139c83160 JavaThread "Java indexing" daemon [_thread_blocked, id=4380, stack(0x000000e2a1f00000,0x000000e2a2000000)]
  0x000002813a4acbb0 JavaThread "pool-2-thread-1" [_thread_in_native, id=3196, stack(0x000000e2a2000000,0x000000e2a2100000)]
  0x000002813a4ad550 JavaThread "Worker-3" [_thread_blocked, id=16080, stack(0x000000e2a2200000,0x000000e2a2300000)]
  0x000002813a4ae890 JavaThread "Worker-5" [_thread_blocked, id=17176, stack(0x000000e2a1e00000,0x000000e2a1f00000)]

Other Threads:
  0x00000281374ccb20 VMThread "VM Thread" [stack: 0x000000e2a0200000,0x000000e2a0300000] [id=17008]
  0x0000028139d688c0 WatcherThread [stack: 0x000000e2a0f00000,0x000000e2a1000000] [id=3220]
  0x0000028123667030 GCTaskThread "GC Thread#0" [stack: 0x000000e2a0100000,0x000000e2a0200000] [id=13116]
  0x000002813a5616a0 GCTaskThread "GC Thread#1" [stack: 0x000000e2a1300000,0x000000e2a1400000] [id=12776]
  0x000002813a1632a0 GCTaskThread "GC Thread#2" [stack: 0x000000e2a1400000,0x000000e2a1500000] [id=15244]
=>0x000002813a5023d0 GCTaskThread "GC Thread#3" [stack: 0x000000e2a1500000,0x000000e2a1600000] [id=12460]
  0x00000281215999e0 GCTaskThread "GC Thread#4" [stack: 0x000000e2a1600000,0x000000e2a1700000] [id=15064]
  0x000002813a6ccc20 GCTaskThread "GC Thread#5" [stack: 0x000000e2a1700000,0x000000e2a1800000] [id=10220]
  0x000002813a2f5ea0 GCTaskThread "GC Thread#6" [stack: 0x000000e2a1800000,0x000000e2a1900000] [id=1348]
  0x000002813b883a60 GCTaskThread "GC Thread#7" [stack: 0x000000e2a1d00000,0x000000e2a1e00000] [id=8560]

Threads with active compile tasks:

VM state: at safepoint (normal execution)

VM Mutex/Monitor currently owned by a thread:  ([mutex/lock_event])
[0x000002812364a020] Threads_lock - owner thread: 0x00000281374ccb20
[0x000002812159de40] Heap_lock - owner thread: 0x0000028139c83160

Heap address: 0x00000000c0000000, size: 1024 MB, Compressed Oops mode: 32-bit

CDS archive(s) not mapped
Compressed class space mapped at: 0x0000000100000000-0x0000000140000000, reserved size: 1073741824
Narrow klass base: 0x0000000000000000, Narrow klass shift: 3, Narrow klass range: 0x140000000

GC Precious Log:
 CPUs: 8 total, 8 available
 Memory: 8050M
 Large Page Support: Disabled
 NUMA Support: Disabled
 Compressed Oops: Enabled (32-bit)
 Alignments: Space 512K, Generation 512K, Heap 2M
 Heap Min Capacity: 100M
 Heap Initial Capacity: 100M
 Heap Max Capacity: 1G
 Pre-touch: Disabled
 Parallel Workers: 8

Heap:
 PSYoungGen      total 3072K, used 1284K [0x00000000eab00000, 0x00000000eb000000, 0x0000000100000000)
  eden space 1536K, 0% used [0x00000000eab00000,0x00000000eab00000,0x00000000eac80000)
  from space 1536K, 83% used [0x00000000eae80000,0x00000000eafc1000,0x00000000eb000000)
  to   space 1536K, 0% used [0x00000000ead00000,0x00000000ead00000,0x00000000eae80000)
 ParOldGen       total 132608K, used 131817K [0x00000000c0000000, 0x00000000c8180000, 0x00000000eab00000)
  object space 132608K, 99% used [0x00000000c0000000,0x00000000c80ba678,0x00000000c8180000)
 Metaspace       used 67063K, committed 67840K, reserved 1114112K
  class space    used 6710K, committed 7040K, reserved 1048576K

Card table byte_map: [0x0000028123010000,0x0000028123220000] _byte_map_base: 0x0000028122a10000

Marking Bits: (ParMarkBitMap*) 0x00007ffd4d912a60
 Begin Bits: [0x00000281352e0000, 0x00000281362e0000)
 End Bits:   [0x00000281362e0000, 0x00000281372e0000)

Polling page: 0x0000028121630000

Metaspace:

Usage:
  Non-class:     58.94 MB used.
      Class:      6.55 MB used.
       Both:     65.49 MB used.

Virtual space:
  Non-class space:       64.00 MB reserved,      59.38 MB ( 93%) committed,  8 nodes.
      Class space:        1.00 GB reserved,       6.88 MB ( <1%) committed,  1 nodes.
             Both:        1.06 GB reserved,      66.25 MB (  6%) committed. 

Chunk freelists:
   Non-Class:  688.00 KB
       Class:  1008.00 KB
        Both:  1.66 MB

MaxMetaspaceSize: unlimited
CompressedClassSpaceSize: 1.00 GB
Initial GC threshold: 21.00 MB
Current GC threshold: 110.00 MB
CDS: off
MetaspaceReclaimPolicy: balanced
 - commit_granule_bytes: 65536.
 - commit_granule_words: 8192.
 - virtual_space_node_default_size: 1048576.
 - enlarge_chunks_in_place: 1.
 - new_chunks_are_fully_committed: 0.
 - uncommit_free_chunks: 1.
 - use_allocation_guard: 0.
 - handle_deallocations: 1.


Internal statistics:

num_allocs_failed_limit: 6.
num_arena_births: 408.
num_arena_deaths: 0.
num_vsnodes_births: 9.
num_vsnodes_deaths: 0.
num_space_committed: 1060.
num_space_uncommitted: 0.
num_chunks_returned_to_freelist: 6.
num_chunks_taken_from_freelist: 3001.
num_chunk_merges: 6.
num_chunk_splits: 1921.
num_chunks_enlarged: 1171.
num_purges: 0.
num_inconsistent_stats: 0.

CodeHeap 'non-profiled nmethods': size=120000Kb used=11401Kb max_used=11401Kb free=108598Kb
 bounds [0x000002812ddb0000, 0x000002812e8e0000, 0x00000281352e0000]
CodeHeap 'profiled nmethods': size=120000Kb used=23378Kb max_used=23378Kb free=96621Kb
 bounds [0x0000028126880000, 0x0000028127f60000, 0x000002812ddb0000]
CodeHeap 'non-nmethods': size=5760Kb used=1342Kb max_used=1508Kb free=4417Kb
 bounds [0x00000281262e0000, 0x0000028126550000, 0x0000028126880000]
 total_blobs=11389 nmethods=10713 adapters=587
 compilation: enabled
              stopped_count=0, restarted_count=0
 full_count=0

Compilation events (20 events):
Event: 1353.184 Thread 0x0000028139b1c7e0 13462   !   3       org.eclipse.lsp4j.jsonrpc.json.adapters.EnumTypeAdapter::read (86 bytes)
Event: 1353.185 Thread 0x0000028139b1c7e0 nmethod 13462 0x0000028127f4a190 code [0x0000028127f4a440, 0x0000028127f4b458]
Event: 1353.193 Thread 0x0000028139b1c7e0 13463       3       org.eclipse.core.runtime.Status::<init> (48 bytes)
Event: 1353.194 Thread 0x0000028139b1c7e0 nmethod 13463 0x0000028127f4b910 code [0x0000028127f4bb60, 0x0000028127f4c918]
Event: 1353.306 Thread 0x0000028139b1c7e0 13464       3       org.eclipse.core.internal.content.ContentTypeCatalog::findContentTypesFor (37 bytes)
Event: 1353.307 Thread 0x0000028139b1c7e0 nmethod 13464 0x0000028127f4cd90 code [0x0000028127f4cf60, 0x0000028127f4d208]
Event: 1353.366 Thread 0x0000028139b1c7e0 13465       3       jdk.internal.math.FloatingDecimal$BinaryToASCIIBuffer::dtoa (1509 bytes)
Event: 1353.372 Thread 0x0000028139b1c7e0 nmethod 13465 0x0000028127f4d310 code [0x0000028127f4d7a0, 0x0000028127f50018]
Event: 1353.372 Thread 0x0000028139b1c7e0 13468       3       org.eclipse.jdt.internal.core.DeltaProcessor::isResFilteredFromOutput (181 bytes)
Event: 1353.373 Thread 0x0000028139b1c7e0 nmethod 13468 0x0000028127f51190 code [0x0000028127f51460, 0x0000028127f52678]
Event: 1353.374 Thread 0x0000028139b1c7e0 13466   !   3       org.eclipse.jdt.internal.core.DeltaProcessor::checkSourceAttachmentChange (163 bytes)
Event: 1353.376 Thread 0x0000028139b1c7e0 nmethod 13466 0x0000028127f52c10 code [0x0000028127f530c0, 0x0000028127f55578]
Event: 1353.376 Thread 0x0000028139b1c7e0 13467       3       org.eclipse.jdt.internal.core.DeltaProcessor::elementType (377 bytes)
Event: 1353.380 Thread 0x0000028139b1ae20 13470   !   4       org.eclipse.osgi.internal.loader.BundleLoader::findLocalClass (152 bytes)
Event: 1353.382 Thread 0x0000028139b1c7e0 nmethod 13467 0x0000028127f56310 code [0x0000028127f567e0, 0x0000028127f58f68]
Event: 1353.382 Thread 0x0000028139b1c7e0 13469       3       org.eclipse.jdt.internal.core.DeltaProcessor::otherRootsInfo (39 bytes)
Event: 1353.383 Thread 0x0000028139b1c7e0 nmethod 13469 0x0000028127f59b90 code [0x0000028127f59d60, 0x0000028127f5a258]
Event: 1353.383 Thread 0x0000028139b1c7e0 13471       3       org.eclipse.osgi.internal.framework.EquinoxBundle::isFragment (19 bytes)
Event: 1353.383 Thread 0x0000028139b1c7e0 nmethod 13471 0x0000028127f5a410 code [0x0000028127f5a5c0, 0x0000028127f5a888]
Event: 1353.398 Thread 0x0000028139b1ae20 nmethod 13470 0x000002812e8d1510 code [0x000002812e8d1700, 0x000002812e8d1e70]

GC Heap History (20 events):
Event: 763.854 GC heap after
{Heap after GC invocations=987 (full 15):
 PSYoungGen      total 3072K, used 416K [0x00000000eab00000, 0x00000000eb000000, 0x0000000100000000)
  eden space 2560K, 0% used [0x00000000eab00000,0x00000000eab00000,0x00000000ead80000)
  from space 512K, 81% used [0x00000000eae80000,0x00000000eaee8000,0x00000000eaf00000)
  to   space 1024K, 0% used [0x00000000eaf00000,0x00000000eaf00000,0x00000000eb000000)
 ParOldGen       total 132608K, used 125026K [0x00000000c0000000, 0x00000000c8180000, 0x00000000eab00000)
  object space 132608K, 94% used [0x00000000c0000000,0x00000000c7a18978,0x00000000c8180000)
 Metaspace       used 67015K, committed 67776K, reserved 1114112K
  class space    used 6707K, committed 7040K, reserved 1048576K
}
Event: 1352.972 GC heap before
{Heap before GC invocations=988 (full 15):
 PSYoungGen      total 3072K, used 2976K [0x00000000eab00000, 0x00000000eb000000, 0x0000000100000000)
  eden space 2560K, 100% used [0x00000000eab00000,0x00000000ead80000,0x00000000ead80000)
  from space 512K, 81% used [0x00000000eae80000,0x00000000eaee8000,0x00000000eaf00000)
  to   space 1024K, 0% used [0x00000000eaf00000,0x00000000eaf00000,0x00000000eb000000)
 ParOldGen       total 132608K, used 125026K [0x00000000c0000000, 0x00000000c8180000, 0x00000000eab00000)
  object space 132608K, 94% used [0x00000000c0000000,0x00000000c7a18978,0x00000000c8180000)
 Metaspace       used 67026K, committed 67776K, reserved 1114112K
  class space    used 6709K, committed 7040K, reserved 1048576K
}
Event: 1352.975 GC heap after
{Heap after GC invocations=988 (full 15):
 PSYoungGen      total 3072K, used 224K [0x00000000eab00000, 0x00000000eaf80000, 0x0000000100000000)
  eden space 2560K, 0% used [0x00000000eab00000,0x00000000eab00000,0x00000000ead80000)
  from space 512K, 43% used [0x00000000eaf00000,0x00000000eaf38000,0x00000000eaf80000)
  to   space 512K, 0% used [0x00000000eae80000,0x00000000eae80000,0x00000000eaf00000)
 ParOldGen       total 132608K, used 125098K [0x00000000c0000000, 0x00000000c8180000, 0x00000000eab00000)
  object space 132608K, 94% used [0x00000000c0000000,0x00000000c7a2a978,0x00000000c8180000)
 Metaspace       used 67026K, committed 67776K, reserved 1114112K
  class space    used 6709K, committed 7040K, reserved 1048576K
}
Event: 1353.394 GC heap before
{Heap before GC invocations=989 (full 15):
 PSYoungGen      total 3072K, used 2784K [0x00000000eab00000, 0x00000000eaf80000, 0x0000000100000000)
  eden space 2560K, 100% used [0x00000000eab00000,0x00000000ead80000,0x00000000ead80000)
  from space 512K, 43% used [0x00000000eaf00000,0x00000000eaf38000,0x00000000eaf80000)
  to   space 512K, 0% used [0x00000000eae80000,0x00000000eae80000,0x00000000eaf00000)
 ParOldGen       total 132608K, used 125098K [0x00000000c0000000, 0x00000000c8180000, 0x00000000eab00000)
  object space 132608K, 94% used [0x00000000c0000000,0x00000000c7a2a978,0x00000000c8180000)
 Metaspace       used 67063K, committed 67840K, reserved 1114112K
  class space    used 6710K, committed 7040K, reserved 1048576K
}
Event: 1353.398 GC heap after
{Heap after GC invocations=989 (full 15):
 PSYoungGen      total 3072K, used 487K [0x00000000eab00000, 0x00000000eb080000, 0x0000000100000000)
  eden space 2560K, 0% used [0x00000000eab00000,0x00000000eab00000,0x00000000ead80000)
  from space 512K, 95% used [0x00000000eae80000,0x00000000eaef9e80,0x00000000eaf00000)
  to   space 1536K, 0% used [0x00000000eaf00000,0x00000000eaf00000,0x00000000eb080000)
 ParOldGen       total 132608K, used 125745K [0x00000000c0000000, 0x00000000c8180000, 0x00000000eab00000)
  object space 132608K, 94% used [0x00000000c0000000,0x00000000c7acc7f8,0x00000000c8180000)
 Metaspace       used 67063K, committed 67840K, reserved 1114112K
  class space    used 6710K, committed 7040K, reserved 1048576K
}
Event: 1353.460 GC heap before
{Heap before GC invocations=990 (full 15):
 PSYoungGen      total 3072K, used 3047K [0x00000000eab00000, 0x00000000eb080000, 0x0000000100000000)
  eden space 2560K, 100% used [0x00000000eab00000,0x00000000ead80000,0x00000000ead80000)
  from space 512K, 95% used [0x00000000eae80000,0x00000000eaef9e80,0x00000000eaf00000)
  to   space 1536K, 0% used [0x00000000eaf00000,0x00000000eaf00000,0x00000000eb080000)
 ParOldGen       total 132608K, used 125745K [0x00000000c0000000, 0x00000000c8180000, 0x00000000eab00000)
  object space 132608K, 94% used [0x00000000c0000000,0x00000000c7acc7f8,0x00000000c8180000)
 Metaspace       used 67063K, committed 67840K, reserved 1114112K
  class space    used 6710K, committed 7040K, reserved 1048576K
}
Event: 1353.467 GC heap after
{Heap after GC invocations=990 (full 15):
 PSYoungGen      total 2048K, used 1536K [0x00000000eab00000, 0x00000000eb480000, 0x0000000100000000)
  eden space 512K, 0% used [0x00000000eab00000,0x00000000eab00000,0x00000000eab80000)
  from space 1536K, 100% used [0x00000000eaf00000,0x00000000eb080000,0x00000000eb080000)
  to   space 3584K, 0% used [0x00000000eab80000,0x00000000eab80000,0x00000000eaf00000)
 ParOldGen       total 132608K, used 127209K [0x00000000c0000000, 0x00000000c8180000, 0x00000000eab00000)
  object space 132608K, 95% used [0x00000000c0000000,0x00000000c7c3a678,0x00000000c8180000)
 Metaspace       used 67063K, committed 67840K, reserved 1114112K
  class space    used 6710K, committed 7040K, reserved 1048576K
}
Event: 1353.477 GC heap before
{Heap before GC invocations=991 (full 15):
 PSYoungGen      total 2048K, used 2048K [0x00000000eab00000, 0x00000000eb480000, 0x0000000100000000)
  eden space 512K, 100% used [0x00000000eab00000,0x00000000eab80000,0x00000000eab80000)
  from space 1536K, 100% used [0x00000000eaf00000,0x00000000eb080000,0x00000000eb080000)
  to   space 3584K, 0% used [0x00000000eab80000,0x00000000eab80000,0x00000000eaf00000)
 ParOldGen       total 132608K, used 127209K [0x00000000c0000000, 0x00000000c8180000, 0x00000000eab00000)
  object space 132608K, 95% used [0x00000000c0000000,0x00000000c7c3a678,0x00000000c8180000)
 Metaspace       used 67063K, committed 67840K, reserved 1114112K
  class space    used 6710K, committed 7040K, reserved 1048576K
}
Event: 1353.483 GC heap after
{Heap after GC invocations=991 (full 15):
 PSYoungGen      total 1536K, used 576K [0x00000000eab00000, 0x00000000eaf80000, 0x0000000100000000)
  eden space 512K, 0% used [0x00000000eab00000,0x00000000eab00000,0x00000000eab80000)
  from space 1024K, 56% used [0x00000000eab80000,0x00000000eac10000,0x00000000eac80000)
  to   space 1536K, 0% used [0x00000000eae00000,0x00000000eae00000,0x00000000eaf80000)
 ParOldGen       total 132608K, used 128785K [0x00000000c0000000, 0x00000000c8180000, 0x00000000eab00000)
  object space 132608K, 97% used [0x00000000c0000000,0x00000000c7dc4678,0x00000000c8180000)
 Metaspace       used 67063K, committed 67840K, reserved 1114112K
  class space    used 6710K, committed 7040K, reserved 1048576K
}
Event: 1353.491 GC heap before
{Heap before GC invocations=992 (full 15):
 PSYoungGen      total 1536K, used 1087K [0x00000000eab00000, 0x00000000eaf80000, 0x0000000100000000)
  eden space 512K, 99% used [0x00000000eab00000,0x00000000eab7ff78,0x00000000eab80000)
  from space 1024K, 56% used [0x00000000eab80000,0x00000000eac10000,0x00000000eac80000)
  to   space 1536K, 0% used [0x00000000eae00000,0x00000000eae00000,0x00000000eaf80000)
 ParOldGen       total 132608K, used 128785K [0x00000000c0000000, 0x00000000c8180000, 0x00000000eab00000)
  object space 132608K, 97% used [0x00000000c0000000,0x00000000c7dc4678,0x00000000c8180000)
 Metaspace       used 67063K, committed 67840K, reserved 1114112K
  class space    used 6710K, committed 7040K, reserved 1048576K
}
Event: 1353.493 GC heap after
{Heap after GC invocations=992 (full 15):
 PSYoungGen      total 1536K, used 608K [0x00000000eab00000, 0x00000000eaf00000, 0x0000000100000000)
  eden space 512K, 0% used [0x00000000eab00000,0x00000000eab00000,0x00000000eab80000)
  from space 1024K, 59% used [0x00000000eae00000,0x00000000eae98000,0x00000000eaf00000)
  to   space 1024K, 0% used [0x00000000eab80000,0x00000000eab80000,0x00000000eac80000)
 ParOldGen       total 132608K, used 129281K [0x00000000c0000000, 0x00000000c8180000, 0x00000000eab00000)
  object space 132608K, 97% used [0x00000000c0000000,0x00000000c7e40678,0x00000000c8180000)
 Metaspace       used 67063K, committed 67840K, reserved 1114112K
  class space    used 6710K, committed 7040K, reserved 1048576K
}
Event: 1353.503 GC heap before
{Heap before GC invocations=993 (full 15):
 PSYoungGen      total 1536K, used 1120K [0x00000000eab00000, 0x00000000eaf00000, 0x0000000100000000)
  eden space 512K, 100% used [0x00000000eab00000,0x00000000eab80000,0x00000000eab80000)
  from space 1024K, 59% used [0x00000000eae00000,0x00000000eae98000,0x00000000eaf00000)
  to   space 1024K, 0% used [0x00000000eab80000,0x00000000eab80000,0x00000000eac80000)
 ParOldGen       total 132608K, used 129281K [0x00000000c0000000, 0x00000000c8180000, 0x00000000eab00000)
  object space 132608K, 97% used [0x00000000c0000000,0x00000000c7e40678,0x00000000c8180000)
 Metaspace       used 67063K, committed 67840K, reserved 1114112K
  class space    used 6710K, committed 7040K, reserved 1048576K
}
Event: 1353.506 GC heap after
{Heap after GC invocations=993 (full 15):
 PSYoungGen      total 1536K, used 576K [0x00000000eab00000, 0x00000000eae80000, 0x0000000100000000)
  eden space 512K, 0% used [0x00000000eab00000,0x00000000eab00000,0x00000000eab80000)
  from space 1024K, 56% used [0x00000000eab80000,0x00000000eac10000,0x00000000eac80000)
  to   space 1024K, 0% used [0x00000000ead80000,0x00000000ead80000,0x00000000eae80000)
 ParOldGen       total 132608K, used 129777K [0x00000000c0000000, 0x00000000c8180000, 0x00000000eab00000)
  object space 132608K, 97% used [0x00000000c0000000,0x00000000c7ebc678,0x00000000c8180000)
 Metaspace       used 67063K, committed 67840K, reserved 1114112K
  class space    used 6710K, committed 7040K, reserved 1048576K
}
Event: 1353.510 GC heap before
{Heap before GC invocations=994 (full 15):
 PSYoungGen      total 1536K, used 1088K [0x00000000eab00000, 0x00000000eae80000, 0x0000000100000000)
  eden space 512K, 100% used [0x00000000eab00000,0x00000000eab80000,0x00000000eab80000)
  from space 1024K, 56% used [0x00000000eab80000,0x00000000eac10000,0x00000000eac80000)
  to   space 1024K, 0% used [0x00000000ead80000,0x00000000ead80000,0x00000000eae80000)
 ParOldGen       total 132608K, used 129777K [0x00000000c0000000, 0x00000000c8180000, 0x00000000eab00000)
  object space 132608K, 97% used [0x00000000c0000000,0x00000000c7ebc678,0x00000000c8180000)
 Metaspace       used 67063K, committed 67840K, reserved 1114112K
  class space    used 6710K, committed 7040K, reserved 1048576K
}
Event: 1353.515 GC heap after
{Heap after GC invocations=994 (full 15):
 PSYoungGen      total 2048K, used 576K [0x00000000eab00000, 0x00000000eae80000, 0x0000000100000000)
  eden space 1024K, 0% used [0x00000000eab00000,0x00000000eab00000,0x00000000eac00000)
  from space 1024K, 56% used [0x00000000ead80000,0x00000000eae10000,0x00000000eae80000)
  to   space 1024K, 0% used [0x00000000eac80000,0x00000000eac80000,0x00000000ead80000)
 ParOldGen       total 132608K, used 130281K [0x00000000c0000000, 0x00000000c8180000, 0x00000000eab00000)
  object space 132608K, 98% used [0x00000000c0000000,0x00000000c7f3a678,0x00000000c8180000)
 Metaspace       used 67063K, committed 67840K, reserved 1114112K
  class space    used 6710K, committed 7040K, reserved 1048576K
}
Event: 1353.525 GC heap before
{Heap before GC invocations=995 (full 15):
 PSYoungGen      total 2048K, used 1600K [0x00000000eab00000, 0x00000000eae80000, 0x0000000100000000)
  eden space 1024K, 100% used [0x00000000eab00000,0x00000000eac00000,0x00000000eac00000)
  from space 1024K, 56% used [0x00000000ead80000,0x00000000eae10000,0x00000000eae80000)
  to   space 1024K, 0% used [0x00000000eac80000,0x00000000eac80000,0x00000000ead80000)
 ParOldGen       total 132608K, used 130281K [0x00000000c0000000, 0x00000000c8180000, 0x00000000eab00000)
  object space 132608K, 98% used [0x00000000c0000000,0x00000000c7f3a678,0x00000000c8180000)
 Metaspace       used 67063K, committed 67840K, reserved 1114112K
  class space    used 6710K, committed 7040K, reserved 1048576K
}
Event: 1353.528 GC heap after
{Heap after GC invocations=995 (full 15):
 PSYoungGen      total 2560K, used 1024K [0x00000000eab00000, 0x00000000eb080000, 0x0000000100000000)
  eden space 1536K, 0% used [0x00000000eab00000,0x00000000eab00000,0x00000000eac80000)
  from space 1024K, 100% used [0x00000000eac80000,0x00000000ead80000,0x00000000ead80000)
  to   space 2048K, 0% used [0x00000000eae80000,0x00000000eae80000,0x00000000eb080000)
 ParOldGen       total 132608K, used 130785K [0x00000000c0000000, 0x00000000c8180000, 0x00000000eab00000)
  object space 132608K, 98% used [0x00000000c0000000,0x00000000c7fb8678,0x00000000c8180000)
 Metaspace       used 67063K, committed 67840K, reserved 1114112K
  class space    used 6710K, committed 7040K, reserved 1048576K
}
Event: 1353.550 GC heap before
{Heap before GC invocations=996 (full 15):
 PSYoungGen      total 2560K, used 2414K [0x00000000eab00000, 0x00000000eb080000, 0x0000000100000000)
  eden space 1536K, 90% used [0x00000000eab00000,0x00000000eac5b838,0x00000000eac80000)
  from space 1024K, 100% used [0x00000000eac80000,0x00000000ead80000,0x00000000ead80000)
  to   space 2048K, 0% used [0x00000000eae80000,0x00000000eae80000,0x00000000eb080000)
 ParOldGen       total 132608K, used 130785K [0x00000000c0000000, 0x00000000c8180000, 0x00000000eab00000)
  object space 132608K, 98% used [0x00000000c0000000,0x00000000c7fb8678,0x00000000c8180000)
 Metaspace       used 67063K, committed 67840K, reserved 1114112K
  class space    used 6710K, committed 7040K, reserved 1048576K
}
Event: 1353.552 GC heap after
{Heap after GC invocations=996 (full 15):
 PSYoungGen      total 3072K, used 1284K [0x00000000eab00000, 0x00000000eb000000, 0x0000000100000000)
  eden space 1536K, 0% used [0x00000000eab00000,0x00000000eab00000,0x00000000eac80000)
  from space 1536K, 83% used [0x00000000eae80000,0x00000000eafc1000,0x00000000eb000000)
  to   space 1536K, 0% used [0x00000000ead00000,0x00000000ead00000,0x00000000eae80000)
 ParOldGen       total 132608K, used 131817K [0x00000000c0000000, 0x00000000c8180000, 0x00000000eab00000)
  object space 132608K, 99% used [0x00000000c0000000,0x00000000c80ba678,0x00000000c8180000)
 Metaspace       used 67063K, committed 67840K, reserved 1114112K
  class space    used 6710K, committed 7040K, reserved 1048576K
}
Event: 1353.553 GC heap before
{Heap before GC invocations=997 (full 16):
 PSYoungGen      total 3072K, used 1284K [0x00000000eab00000, 0x00000000eb000000, 0x0000000100000000)
  eden space 1536K, 0% used [0x00000000eab00000,0x00000000eab00000,0x00000000eac80000)
  from space 1536K, 83% used [0x00000000eae80000,0x00000000eafc1000,0x00000000eb000000)
  to   space 1536K, 0% used [0x00000000ead00000,0x00000000ead00000,0x00000000eae80000)
 ParOldGen       total 132608K, used 131817K [0x00000000c0000000, 0x00000000c8180000, 0x00000000eab00000)
  object space 132608K, 99% used [0x00000000c0000000,0x00000000c80ba678,0x00000000c8180000)
 Metaspace       used 67063K, committed 67840K, reserved 1114112K
  class space    used 6710K, committed 7040K, reserved 1048576K
}

Deoptimization events (20 events):
Event: 1353.352 Thread 0x000002813fc4ef40 Uncommon trap: trap_request=0xffffff45 fr.pc=0x000002812e88cd20 relative=0x0000000000000540
Event: 1353.352 Thread 0x000002813fc4ef40 Uncommon trap: reason=unstable_if action=reinterpret pc=0x000002812e88cd20 method=org.eclipse.jdt.internal.compiler.ClassFile.completeMethodInfo(Lorg/eclipse/jdt/internal/compiler/lookup/MethodBinding;II)V @ 110 c2
Event: 1353.352 Thread 0x000002813fc4ef40 DEOPT PACKING pc=0x000002812e88cd20 sp=0x000000e29fdff110
Event: 1353.352 Thread 0x000002813fc4ef40 DEOPT UNPACKING pc=0x00000281263320a3 sp=0x000000e29fdff070 mode 2
Event: 1353.352 Thread 0x000002813fc4ef40 Uncommon trap: trap_request=0xffffffde fr.pc=0x000002812e807fc8 relative=0x0000000000001f08
Event: 1353.352 Thread 0x000002813fc4ef40 Uncommon trap: reason=class_check action=maybe_recompile pc=0x000002812e807fc8 method=org.eclipse.jdt.internal.compiler.ClassFile.generateLocalVariableTableAttribute(IZZ)I @ 426 c2
Event: 1353.352 Thread 0x000002813fc4ef40 DEOPT PACKING pc=0x000002812e807fc8 sp=0x000000e29fdfef70
Event: 1353.352 Thread 0x000002813fc4ef40 DEOPT UNPACKING pc=0x00000281263320a3 sp=0x000000e29fdfeee8 mode 2
Event: 1353.353 Thread 0x000002813a4ad550 Uncommon trap: trap_request=0xffffff45 fr.pc=0x000002812e8a8f10 relative=0x0000000000000d70
Event: 1353.353 Thread 0x000002813a4ad550 Uncommon trap: reason=unstable_if action=reinterpret pc=0x000002812e8a8f10 method=org.eclipse.core.internal.resources.MarkerInfo.checkValidAttribute(Ljava/lang/Object;)Ljava/lang/Object; @ 81 c2
Event: 1353.353 Thread 0x000002813a4ad550 DEOPT PACKING pc=0x000002812e8a8f10 sp=0x000000e2a22fe0c0
Event: 1353.353 Thread 0x000002813a4ad550 DEOPT UNPACKING pc=0x00000281263320a3 sp=0x000000e2a22fdf68 mode 2
Event: 1353.353 Thread 0x000002813a4ad550 Uncommon trap: trap_request=0xffffff45 fr.pc=0x000002812e5beb60 relative=0x0000000000000580
Event: 1353.353 Thread 0x000002813a4ad550 Uncommon trap: reason=unstable_if action=reinterpret pc=0x000002812e5beb60 method=org.eclipse.core.internal.resources.MarkerInfo.checkValidAttribute(Ljava/lang/Object;)Ljava/lang/Object; @ 81 c2
Event: 1353.353 Thread 0x000002813a4ad550 DEOPT PACKING pc=0x000002812e5beb60 sp=0x000000e2a22fe020
Event: 1353.353 Thread 0x000002813a4ad550 DEOPT UNPACKING pc=0x00000281263320a3 sp=0x000000e2a22fdf58 mode 2
Event: 1353.368 Thread 0x000002813a4ad550 Uncommon trap: trap_request=0xffffff45 fr.pc=0x000002812e8c7a7c relative=0x00000000000023bc
Event: 1353.368 Thread 0x000002813a4ad550 Uncommon trap: reason=unstable_if action=reinterpret pc=0x000002812e8c7a7c method=org.eclipse.core.internal.dtree.AbstractDataTreeNode.assembleWith([Lorg/eclipse/core/internal/dtree/AbstractDataTreeNode;[Lorg/eclipse/core/internal/dtree/AbstractDataTreeNo
Event: 1353.368 Thread 0x000002813a4ad550 DEOPT PACKING pc=0x000002812e8c7a7c sp=0x000000e2a22fe360
Event: 1353.368 Thread 0x000002813a4ad550 DEOPT UNPACKING pc=0x00000281263320a3 sp=0x000000e2a22fe318 mode 2

Classes unloaded (0 events):
No events

Classes redefined (0 events):
No events

Internal exceptions (20 events):
Event: 622.805 Thread 0x000002813fc50750 Exception <a 'java/lang/ArrayIndexOutOfBoundsException'{0x00000000ead0ecc8}> (0x00000000ead0ecc8) 
thrown [e:\jenkins\tmp\workspace\build\src\src\hotspot\share\runtime\sharedRuntime.cpp, line 628]
Event: 622.810 Thread 0x000002813fc50750 Exception <a 'java/lang/ArrayIndexOutOfBoundsException'{0x00000000eab067a0}> (0x00000000eab067a0) 
thrown [e:\jenkins\tmp\workspace\build\src\src\hotspot\share\runtime\sharedRuntime.cpp, line 628]
Event: 622.811 Thread 0x000002813fc50750 Exception <a 'java/lang/ArrayIndexOutOfBoundsException'{0x00000000eab2e248}> (0x00000000eab2e248) 
thrown [e:\jenkins\tmp\workspace\build\src\src\hotspot\share\runtime\sharedRuntime.cpp, line 628]
Event: 622.812 Thread 0x000002813fc50750 Exception <a 'java/lang/ArrayIndexOutOfBoundsException'{0x00000000eab43238}> (0x00000000eab43238) 
thrown [e:\jenkins\tmp\workspace\build\src\src\hotspot\share\runtime\sharedRuntime.cpp, line 628]
Event: 622.818 Thread 0x000002813fc50750 Exception <a 'java/lang/ArrayIndexOutOfBoundsException'{0x00000000eabfee90}> (0x00000000eabfee90) 
thrown [e:\jenkins\tmp\workspace\build\src\src\hotspot\share\runtime\sharedRuntime.cpp, line 628]
Event: 622.820 Thread 0x000002813fc50750 Exception <a 'java/lang/ArrayIndexOutOfBoundsException'{0x00000000eac9ce98}> (0x00000000eac9ce98) 
thrown [e:\jenkins\tmp\workspace\build\src\src\hotspot\share\runtime\sharedRuntime.cpp, line 628]
Event: 622.820 Thread 0x000002813fc50750 Exception <a 'java/lang/ArrayIndexOutOfBoundsException'{0x00000000eac9d388}> (0x00000000eac9d388) 
thrown [e:\jenkins\tmp\workspace\build\src\src\hotspot\share\runtime\sharedRuntime.cpp, line 628]
Event: 622.827 Thread 0x000002813fc50750 Exception <a 'java/lang/ArrayIndexOutOfBoundsException'{0x00000000ead34db0}> (0x00000000ead34db0) 
thrown [e:\jenkins\tmp\workspace\build\src\src\hotspot\share\runtime\sharedRuntime.cpp, line 628]
Event: 622.830 Thread 0x000002813fc50750 Exception <a 'java/lang/ArrayIndexOutOfBoundsException'{0x00000000eab52940}> (0x00000000eab52940) 
thrown [e:\jenkins\tmp\workspace\build\src\src\hotspot\share\runtime\sharedRuntime.cpp, line 628]
Event: 622.830 Thread 0x000002813fc50750 Exception <a 'java/lang/ArrayIndexOutOfBoundsException'{0x00000000eab52e30}> (0x00000000eab52e30) 
thrown [e:\jenkins\tmp\workspace\build\src\src\hotspot\share\runtime\sharedRuntime.cpp, line 628]
Event: 678.733 Thread 0x000002813a4ad550 Exception <a 'java/lang/ArrayIndexOutOfBoundsException'{0x00000000eabe9d20}> (0x00000000eabe9d20) 
thrown [e:\jenkins\tmp\workspace\build\src\src\hotspot\share\runtime\sharedRuntime.cpp, line 628]
Event: 678.749 Thread 0x000002813fc4d260 Exception <a 'java/lang/ArrayIndexOutOfBoundsException'{0x00000000eac70580}> (0x00000000eac70580) 
thrown [e:\jenkins\tmp\workspace\build\src\src\hotspot\share\runtime\sharedRuntime.cpp, line 628]
Event: 678.752 Thread 0x000002813fc4d260 Exception <a 'java/lang/ArrayIndexOutOfBoundsException'{0x00000000eabe1080}> (0x00000000eabe1080) 
thrown [e:\jenkins\tmp\workspace\build\src\src\hotspot\share\runtime\sharedRuntime.cpp, line 628]
Event: 678.752 Thread 0x000002813fc4d260 Exception <a 'java/lang/ArrayIndexOutOfBoundsException'{0x00000000eabec218}> (0x00000000eabec218) 
thrown [e:\jenkins\tmp\workspace\build\src\src\hotspot\share\runtime\sharedRuntime.cpp, line 628]
Event: 678.753 Thread 0x000002813fc4d260 Exception <a 'java/lang/ArrayIndexOutOfBoundsException'{0x00000000eac3e640}> (0x00000000eac3e640) 
thrown [e:\jenkins\tmp\workspace\build\src\src\hotspot\share\runtime\sharedRuntime.cpp, line 628]
Event: 741.886 Thread 0x000002813a4ad550 Implicit null exception at 0x000002812df347c0 to 0x000002812df34e34
Event: 763.850 Thread 0x000002813fc4d260 Implicit null exception at 0x000002812de6822c to 0x000002812de684dc
Event: 1352.758 Thread 0x000002813a4acbb0 Exception <a 'sun/nio/fs/WindowsException'{0x00000000eace4658}> (0x00000000eace4658) 
thrown [e:\jenkins\tmp\workspace\build\src\src\hotspot\share\prims\jni.cpp, line 516]
Event: 1352.869 Thread 0x000002813a4acbb0 Exception <a 'sun/nio/fs/WindowsException'{0x00000000ead17f28}> (0x00000000ead17f28) 
thrown [e:\jenkins\tmp\workspace\build\src\src\hotspot\share\prims\jni.cpp, line 516]
Event: 1353.355 Thread 0x000002813a4ad550 Exception <a 'sun/nio/fs/WindowsException'{0x00000000ead0e048}> (0x00000000ead0e048) 
thrown [e:\jenkins\tmp\workspace\build\src\src\hotspot\share\prims\jni.cpp, line 516]

VM Operations (20 events):
Event: 802.103 Executing VM operation: Cleanup done
Event: 1205.360 Executing VM operation: Cleanup
Event: 1205.360 Executing VM operation: Cleanup done
Event: 1352.972 Executing VM operation: ParallelGCFailedAllocation
Event: 1352.977 Executing VM operation: ParallelGCFailedAllocation done
Event: 1353.393 Executing VM operation: ParallelGCFailedAllocation
Event: 1353.398 Executing VM operation: ParallelGCFailedAllocation done
Event: 1353.460 Executing VM operation: ParallelGCFailedAllocation
Event: 1353.467 Executing VM operation: ParallelGCFailedAllocation done
Event: 1353.477 Executing VM operation: ParallelGCFailedAllocation
Event: 1353.483 Executing VM operation: ParallelGCFailedAllocation done
Event: 1353.491 Executing VM operation: ParallelGCFailedAllocation
Event: 1353.493 Executing VM operation: ParallelGCFailedAllocation done
Event: 1353.503 Executing VM operation: ParallelGCFailedAllocation
Event: 1353.506 Executing VM operation: ParallelGCFailedAllocation done
Event: 1353.510 Executing VM operation: ParallelGCFailedAllocation
Event: 1353.515 Executing VM operation: ParallelGCFailedAllocation done
Event: 1353.525 Executing VM operation: ParallelGCFailedAllocation
Event: 1353.528 Executing VM operation: ParallelGCFailedAllocation done
Event: 1353.550 Executing VM operation: ParallelGCFailedAllocation

Events (20 events):
Event: 681.721 Thread 0x000002813fc51f60 Thread added: 0x000002813fc51f60
Event: 681.733 Thread 0x000002813fc51f60 Thread exited: 0x000002813fc51f60
Event: 682.756 Thread 0x000002813fc51f60 Thread added: 0x000002813fc51f60
Event: 682.767 Thread 0x000002813fc51f60 Thread exited: 0x000002813fc51f60
Event: 683.748 Thread 0x000002813f6f93b0 Thread added: 0x000002813f6f93b0
Event: 684.855 Thread 0x000002813f6f93b0 Thread exited: 0x000002813f6f93b0
Event: 684.915 Thread 0x000002813fc51f60 Thread added: 0x000002813fc51f60
Event: 684.928 Thread 0x000002813fc51f60 Thread exited: 0x000002813fc51f60
Event: 741.923 Thread 0x000002813fc52dd0 Thread exited: 0x000002813fc52dd0
Event: 763.635 Thread 0x000002813fc532a0 Thread exited: 0x000002813fc532a0
Event: 763.956 Thread 0x000002813fc50750 Thread exited: 0x000002813fc50750
Event: 823.868 Thread 0x000002813fc4d260 Thread exited: 0x000002813fc4d260
Event: 883.872 Thread 0x000002813a4ab3a0 Thread exited: 0x000002813a4ab3a0
Event: 943.884 Thread 0x000002813fc4ef40 Thread exited: 0x000002813fc4ef40
Event: 1003.888 Thread 0x000002813a4adef0 Thread exited: 0x000002813a4adef0
Event: 1063.894 Thread 0x000002813a4ada20 Thread exited: 0x000002813a4ada20
Event: 1123.902 Thread 0x000002813a4ae3c0 Thread exited: 0x000002813a4ae3c0
Event: 1183.913 Thread 0x000002813fc4d730 Thread exited: 0x000002813fc4d730
Event: 1353.252 Thread 0x000002813fc4ef40 Thread added: 0x000002813fc4ef40
Event: 1353.352 Thread 0x000002813fc4ef40 Thread exited: 0x000002813fc4ef40


Dynamic libraries:
0x00007ff678750000 - 0x00007ff67875e000 	c:\Users\aadip\.vscode\extensions\redhat.java-1.2.0\jre\17.0.1-win32-x86_64\bin\java.exe
0x00007ffdbe810000 - 0x00007ffdbea05000 	C:\WINDOWS\SYSTEM32\ntdll.dll
0x00007ffdbcd70000 - 0x00007ffdbce2e000 	C:\WINDOWS\System32\KERNEL32.DLL
0x00007ffdbbf50000 - 0x00007ffdbc218000 	C:\WINDOWS\System32\KERNELBASE.dll
0x00007ffdbc4b0000 - 0x00007ffdbc5b0000 	C:\WINDOWS\System32\ucrtbase.dll
0x00007ffdb07d0000 - 0x00007ffdb07e8000 	c:\Users\aadip\.vscode\extensions\redhat.java-1.2.0\jre\17.0.1-win32-x86_64\bin\jli.dll
0x00007ffd924d0000 - 0x00007ffd924e9000 	c:\Users\aadip\.vscode\extensions\redhat.java-1.2.0\jre\17.0.1-win32-x86_64\bin\VCRUNTIME140.dll
0x00007ffdbd700000 - 0x00007ffdbd8a1000 	C:\WINDOWS\System32\USER32.dll
0x00007ffdbc280000 - 0x00007ffdbc2a2000 	C:\WINDOWS\System32\win32u.dll
0x00007ffdbde40000 - 0x00007ffdbde6b000 	C:\WINDOWS\System32\GDI32.dll
0x00007ffdbc2b0000 - 0x00007ffdbc3bd000 	C:\WINDOWS\System32\gdi32full.dll
0x00007ffdbc410000 - 0x00007ffdbc4ad000 	C:\WINDOWS\System32\msvcp_win.dll
0x00007ffda58d0000 - 0x00007ffda5b6a000 	C:\WINDOWS\WinSxS\amd64_microsoft.windows.common-controls_6595b64144ccf1df_6.0.19041.1110_none_60b5254171f9507e\COMCTL32.dll
0x00007ffdbe140000 - 0x00007ffdbe1de000 	C:\WINDOWS\System32\msvcrt.dll
0x00007ffdbccc0000 - 0x00007ffdbccf0000 	C:\WINDOWS\System32\IMM32.DLL
0x00007ffdb1ce0000 - 0x00007ffdb1cec000 	c:\Users\aadip\.vscode\extensions\redhat.java-1.2.0\jre\17.0.1-win32-x86_64\bin\vcruntime140_1.dll
0x00007ffd8d830000 - 0x00007ffd8d8c1000 	c:\Users\aadip\.vscode\extensions\redhat.java-1.2.0\jre\17.0.1-win32-x86_64\bin\msvcp140.dll
0x00007ffd4cd90000 - 0x00007ffd4d9d6000 	c:\Users\aadip\.vscode\extensions\redhat.java-1.2.0\jre\17.0.1-win32-x86_64\bin\server\jvm.dll
0x00007ffdbdd90000 - 0x00007ffdbde3c000 	C:\WINDOWS\System32\ADVAPI32.dll
0x00007ffdbdf90000 - 0x00007ffdbe02b000 	C:\WINDOWS\System32\sechost.dll
0x00007ffdbdc60000 - 0x00007ffdbdd8a000 	C:\WINDOWS\System32\RPCRT4.dll
0x00007ffdbe730000 - 0x00007ffdbe738000 	C:\WINDOWS\System32\PSAPI.DLL
0x00007ffda3c00000 - 0x00007ffda3c09000 	C:\WINDOWS\SYSTEM32\WSOCK32.dll
0x00007ffdbd8b0000 - 0x00007ffdbd91b000 	C:\WINDOWS\System32\WS2_32.dll
0x00007ffda5680000 - 0x00007ffda56a7000 	C:\WINDOWS\SYSTEM32\WINMM.dll
0x00007ffdb2e60000 - 0x00007ffdb2e6a000 	C:\WINDOWS\SYSTEM32\VERSION.dll
0x00007ffdba770000 - 0x00007ffdba782000 	C:\WINDOWS\SYSTEM32\kernel.appcore.dll
0x00007ffdaf220000 - 0x00007ffdaf22a000 	c:\Users\aadip\.vscode\extensions\redhat.java-1.2.0\jre\17.0.1-win32-x86_64\bin\jimage.dll
0x00007ffdb7400000 - 0x00007ffdb75e4000 	C:\WINDOWS\SYSTEM32\DBGHELP.DLL
0x00007ffd8a790000 - 0x00007ffd8a7bc000 	C:\WINDOWS\SYSTEM32\dbgcore.DLL
0x00007ffdbc7c0000 - 0x00007ffdbc842000 	C:\WINDOWS\System32\bcryptPrimitives.dll
0x00007ffd924a0000 - 0x00007ffd924c5000 	c:\Users\aadip\.vscode\extensions\redhat.java-1.2.0\jre\17.0.1-win32-x86_64\bin\java.dll
0x00007ffd91cf0000 - 0x00007ffd91d08000 	c:\Users\aadip\.vscode\extensions\redhat.java-1.2.0\jre\17.0.1-win32-x86_64\bin\zip.dll
0x00007ffdbced0000 - 0x00007ffdbd614000 	C:\WINDOWS\System32\SHELL32.dll
0x00007ffdb6ba0000 - 0x00007ffdb7334000 	C:\WINDOWS\SYSTEM32\windows.storage.dll
0x00007ffdbc850000 - 0x00007ffdbcba5000 	C:\WINDOWS\System32\combase.dll
0x00007ffdbb890000 - 0x00007ffdbb8be000 	C:\WINDOWS\SYSTEM32\Wldp.dll
0x00007ffdbcbb0000 - 0x00007ffdbcc5d000 	C:\WINDOWS\System32\SHCORE.dll
0x00007ffdbe0e0000 - 0x00007ffdbe135000 	C:\WINDOWS\System32\shlwapi.dll
0x00007ffdbbe60000 - 0x00007ffdbbe7f000 	C:\WINDOWS\SYSTEM32\profapi.dll
0x00007ffd91cd0000 - 0x00007ffd91ce9000 	C:\Users\aadip\.vscode\extensions\redhat.java-1.2.0\jre\17.0.1-win32-x86_64\bin\net.dll
0x00007ffdaecb0000 - 0x00007ffdaedbc000 	C:\WINDOWS\SYSTEM32\WINHTTP.dll
0x00007ffdbb670000 - 0x00007ffdbb6da000 	C:\WINDOWS\system32\mswsock.dll
0x00007ffd91cb0000 - 0x00007ffd91cc5000 	C:\Users\aadip\.vscode\extensions\redhat.java-1.2.0\jre\17.0.1-win32-x86_64\bin\nio.dll
0x00007ffdbb8d0000 - 0x00007ffdbb8e8000 	C:\WINDOWS\SYSTEM32\CRYPTSP.dll
0x00007ffdbafa0000 - 0x00007ffdbafd4000 	C:\WINDOWS\system32\rsaenh.dll
0x00007ffdbbf20000 - 0x00007ffdbbf47000 	C:\WINDOWS\System32\bcrypt.dll
0x00007ffdbbde0000 - 0x00007ffdbbe0e000 	C:\WINDOWS\SYSTEM32\USERENV.dll
0x00007ffdbb800000 - 0x00007ffdbb80c000 	C:\WINDOWS\SYSTEM32\CRYPTBASE.dll
0x00007ffdbb330000 - 0x00007ffdbb36b000 	C:\WINDOWS\SYSTEM32\IPHLPAPI.DLL
0x00007ffdbcd60000 - 0x00007ffdbcd68000 	C:\WINDOWS\System32\NSI.dll
0x00007ffdafb80000 - 0x00007ffdafb97000 	C:\WINDOWS\SYSTEM32\dhcpcsvc6.DLL
0x00007ffdafcb0000 - 0x00007ffdafccd000 	C:\WINDOWS\SYSTEM32\dhcpcsvc.DLL
0x00007ffdbb380000 - 0x00007ffdbb44b000 	C:\WINDOWS\SYSTEM32\DNSAPI.dll
0x00007ffd916f0000 - 0x00007ffd9172e000 	C:\Users\aadip\AppData\Roaming\Code\User\globalStorage\redhat.java\1.2.0\config_win\org.eclipse.equinox.launcher\org.eclipse.equinox.launcher.win32.win32.x86_64_1.2.400.v20211117-0650\eclipse_11602.dll
0x00007ffdbdb30000 - 0x00007ffdbdc5a000 	C:\WINDOWS\System32\ole32.dll
0x00007ffdad800000 - 0x00007ffdad810000 	c:\Users\aadip\.vscode\extensions\redhat.java-1.2.0\jre\17.0.1-win32-x86_64\bin\verify.dll
0x00007ffd91be0000 - 0x00007ffd91bf1000 	C:\Users\aadip\AppData\Roaming\Code\User\globalStorage\redhat.java\1.2.0\config_win\org.eclipse.osgi\22\0\.cp\jWinHttp-1.0.0.dll

dbghelp: loaded successfully - version: 4.0.5 - missing functions: none
symbol engine: initialized successfully - sym options: 0x614 - pdb path: .;c:\Users\aadip\.vscode\extensions\redhat.java-1.2.0\jre\17.0.1-win32-x86_64\bin;C:\WINDOWS\SYSTEM32;C:\WINDOWS\WinSxS\amd64_microsoft.windows.common-controls_6595b64144ccf1df_6.0.19041.1110_none_60b5254171f9507e;c:\Users\aadip\.vscode\extensions\redhat.java-1.2.0\jre\17.0.1-win32-x86_64\bin\server;C:\Users\aadip\AppData\Roaming\Code\User\globalStorage\redhat.java\1.2.0\config_win\org.eclipse.equinox.launcher\org.eclipse.equinox.launcher.win32.win32.x86_64_1.2.400.v20211117-0650;C:\Users\aadip\AppData\Roaming\Code\User\globalStorage\redhat.java\1.2.0\config_win\org.eclipse.osgi\22\0\.cp

VM Arguments:
jvm_args: --add-modules=ALL-SYSTEM --add-opens=java.base/java.util=ALL-UNNAMED --add-opens=java.base/java.lang=ALL-UNNAMED -Declipse.application=org.eclipse.jdt.ls.core.id1 -Dosgi.bundles.defaultStartLevel=4 -Declipse.product=org.eclipse.jdt.ls.core.product -Djava.import.generatesMetadataFilesAtProjectRoot=false -Dfile.encoding=utf8 -DwatchParentProcess=false -XX:+UseParallelGC -XX:GCTimeRatio=4 -XX:AdaptiveSizePolicyWeight=90 -Dsun.zip.disableMemoryMapping=true -Xmx1G -Xms100m -XX:+HeapDumpOnOutOfMemoryError -XX:HeapDumpPath=c:\Users\aadip\AppData\Roaming\Code\User\workspaceStorage\e69aa23d23f55de16e15f068e41c6a7a\redhat.java 
java_command: c:\Users\aadip\.vscode\extensions\redhat.java-1.2.0\server\plugins\org.eclipse.equinox.launcher_1.6.400.v20210924-0641.jar -configuration c:\Users\aadip\AppData\Roaming\Code\User\globalStorage\redhat.java\1.2.0\config_win -data c:\Users\aadip\AppData\Roaming\Code\User\workspaceStorage\e69aa23d23f55de16e15f068e41c6a7a\redhat.java\jdt_ws
java_class_path (initial): c:\Users\aadip\.vscode\extensions\redhat.java-1.2.0\server\plugins\org.eclipse.equinox.launcher_1.6.400.v20210924-0641.jar
Launcher Type: SUN_STANDARD

[Global flags]
    uintx AdaptiveSizePolicyWeight                 = 90                                        {product} {command line}
     intx CICompilerCount                          = 4                                         {product} {ergonomic}
    uintx GCTimeRatio                              = 4                                         {product} {command line}
     bool HeapDumpOnOutOfMemoryError               = true                                   {manageable} {command line}
    ccstr HeapDumpPath                             = c:\Users\aadip\AppData\Roaming\Code\User\workspaceStorage\e69aa23d23f55de16e15f068e41c6a7a\redhat.java         {manageable} {command line}
   size_t InitialHeapSize                          = 104857600                                 {product} {command line}
   size_t MaxHeapSize                              = 1073741824                                {product} {command line}
   size_t MaxNewSize                               = 357564416                                 {product} {ergonomic}
   size_t MinHeapDeltaBytes                        = 524288                                    {product} {ergonomic}
   size_t MinHeapSize                              = 104857600                                 {product} {command line}
   size_t NewSize                                  = 34603008                                  {product} {ergonomic}
    uintx NonNMethodCodeHeapSize                   = 5839372                                {pd product} {ergonomic}
    uintx NonProfiledCodeHeapSize                  = 122909434                              {pd product} {ergonomic}
   size_t OldSize                                  = 70254592                                  {product} {ergonomic}
    uintx ProfiledCodeHeapSize                     = 122909434                              {pd product} {ergonomic}
    uintx ReservedCodeCacheSize                    = 251658240                              {pd product} {ergonomic}
     bool SegmentedCodeCache                       = true                                      {product} {ergonomic}
   size_t SoftMaxHeapSize                          = 1073741824                             {manageable} {ergonomic}
     bool UseCompressedClassPointers               = true                           {product lp64_product} {ergonomic}
     bool UseCompressedOops                        = true                           {product lp64_product} {ergonomic}
     bool UseLargePagesIndividualAllocation        = false                                  {pd product} {ergonomic}
     bool UseParallelGC                            = true                                      {product} {command line}

Logging:
Log output configuration:
 #0: stdout all=warning uptime,level,tags
 #1: stderr all=off uptime,level,tags

Environment Variables:
PATH=C:\Program Files\Common Files\Oracle\Java\javapath;C:\WINDOWS\system32;C:\WINDOWS;C:\WINDOWS\System32\Wbem;C:\WINDOWS\System32\WindowsPowerShell\v1.0\;C:\WINDOWS\System32\OpenSSH\;C:\Program Files\nodejs\;C:\Program Files\Microsoft SQL Server\150\Tools\Binn\;C:\Program Files\Microsoft SQL Server\Client SDK\ODBC\170\Tools\Binn\;C:\Program Files (x86)\Intel\Intel(R) Management Engine Components\DAL;C:\Program Files\Intel\Intel(R) Management Engine Components\DAL;C:\Program Files\dotnet\;C:\Program Files (x86)\Microsoft SQL Server\150\Tools\Binn\;C:\Program Files\Microsoft SQL Server\150\DTS\Binn\;C:\Program Files (x86)\Microsoft SQL Server\150\DTS\Binn\;C:\Program Files\Azure Data Studio\bin;C:\Program Files\mingw-w64\x86_64-8.1.0-posix-seh-rt_v6-rev0\mingw64\bin;C:\Program Files\Git\cmd;C:\Users\aadip\AppData\Local\Microsoft\WindowsApps;C:\Users\aadip\AppData\Local\Programs\Microsoft VS Code\bin;C:\Users\aadip\AppData\Roaming\npm;C:\src\flutter\bin;C:\Users\aadip\AppData\Local\GitHubDesktop\bin;C:\Users\aadip\.dotnet\tools;C:\Program Files\Azure Data Studio\bin
USERNAME=aadip
OS=Windows_NT
PROCESSOR_IDENTIFIER=Intel64 Family 6 Model 142 Stepping 10, GenuineIntel



---------------  S Y S T E M  ---------------

OS:
 Windows 10 , 64 bit Build 19041 (10.0.19041.1348)
OS uptime: 0 days 5:19 hours
Hyper-V role detected

CPU: total 8 (initial active 8) (4 cores per cpu, 2 threads per core) family 6 model 142 stepping 10 microcode 0xea, cx8, cmov, fxsr, ht, mmx, 3dnowpref, sse, sse2, sse3, ssse3, sse4.1, sse4.2, popcnt, lzcnt, tsc, tscinvbit, avx, avx2, aes, erms, clmul, bmi1, bmi2, adx, fma, vzeroupper, clflush, clflushopt, hv

Memory: 4k page, system-wide physical 8050M (1362M free)
TotalPageFile size 12914M (AvailPageFile size 4217M)
current process WorkingSet (physical memory assigned to process): 337M, peak: 380M
current process commit charge ("private bytes"): 366M, peak: 421M

vm_info: OpenJDK 64-Bit Server VM (17.0.1+12) for windows-amd64 JRE (17.0.1+12), built on Oct 20 2021 07:42:55 by "" with MS VC++ 16.7 (VS2019)

END.
